<?xml version="1.0" encoding="UTF-8"?>
<!-- Generated by org.testng.reporters.JUnitReportReporter -->
<testsuite hostname="szirtesszilvia" failures="0" tests="2" name="com.example.sandbox.getPetList.petListTest" time="2.424" errors="0" timestamp="2025-05-18T16:07:55 CEST" skipped="0">
  <testcase classname="com.example.sandbox.getPetList.petListTest" name="Test1" time="1.200"/>
  <testcase classname="com.example.sandbox.getPetList.petListTest" name="Test2" time="1.224"/>
</testsuite> <!-- com.example.sandbox.getPetList.petListTest -->
