<?xml version="1.0" encoding="UTF-8"?>
<!-- Generated by org.testng.reporters.JUnitReportReporter -->
<testsuite hostname="szirtesszilvia" failures="0" tests="1" name="com.example.sandbox.getPet.petDetailTest" time="5.360" errors="0" timestamp="2025-05-18T16:07:55 CEST" skipped="0">
  <testcase classname="com.example.sandbox.getPet.petDetailTest" name="Test1" time="5.360"/>
</testsuite> <!-- com.example.sandbox.getPet.petDetailTest -->
